This is pdfTeX, Version 3.14159265-2.6-1.40.16 (TeX Live 2015/Debian) (preloaded format=pdflatex 2017.5.25)  20 JUN 2017 22:30
entering extended mode
 restricted \write18 enabled.
 %&-line parsing enabled.
**OPRACOWANIE_FSIT.tex
(./OPRACOWANIE_FSIT.tex
LaTeX2e <2016/02/01>
Babel <3.9q> and hyphenation patterns for 81 language(s) loaded.
(/usr/share/texlive/texmf-dist/tex/latex/base/article.cls
Document Class: article 2014/09/29 v1.4h Standard LaTeX document class
(/usr/share/texlive/texmf-dist/tex/latex/base/size10.clo
File: size10.clo 2014/09/29 v1.4h Standard LaTeX file (size option)
)
\c@part=\count79
\c@section=\count80
\c@subsection=\count81
\c@subsubsection=\count82
\c@paragraph=\count83
\c@subparagraph=\count84
\c@figure=\count85
\c@table=\count86
\abovecaptionskip=\skip41
\belowcaptionskip=\skip42
\bibindent=\dimen102
)
(/usr/share/texlive/texmf-dist/tex/latex/polski/polski.sty
Package: polski 2008/02/24 v1.3.3 Polish language package

Document language package `polski' v1.3.3 <2008/02/24>
   Switching to Polish text encoding and Polish maths fonts.
(/usr/share/texlive/texmf-dist/tex/latex/base/ot4enc.def
File: ot4enc.def 2005/09/27 v1.99g Standard LaTeX file
)
LaTeX Font Info:    Try loading font information for OT4+cmr on input line 346.


(/usr/share/texlive/texmf-dist/tex/latex/polski/ot4cmr.fd
File: ot4cmr.fd 2008/02/24 v1.2.1 Font defs for fonts PL (MW)
)
LaTeX Font Info:    Overwriting math alphabet `\mathbf' in version `normal'
(Font)                  OT1/cmr/bx/n --> OT4/cmr/bx/n on input line 346.
LaTeX Font Info:    Overwriting math alphabet `\mathsf' in version `normal'
(Font)                  OT1/cmss/m/n --> OT4/cmss/m/n on input line 346.
LaTeX Font Info:    Overwriting math alphabet `\mathit' in version `normal'
(Font)                  OT1/cmr/m/it --> OT4/cmr/m/it on input line 346.
LaTeX Font Info:    Overwriting math alphabet `\mathtt' in version `normal'
(Font)                  OT1/cmtt/m/n --> OT4/cmtt/m/n on input line 346.
LaTeX Font Info:    Overwriting math alphabet `\mathsf' in version `bold'
(Font)                  OT1/cmss/bx/n --> OT4/cmss/bx/n on input line 346.
LaTeX Font Info:    Overwriting math alphabet `\mathit' in version `bold'
(Font)                  OT1/cmr/bx/it --> OT4/cmr/bx/it on input line 346.
LaTeX Font Info:    Encoding `OT1' has changed to `OT4' for symbol font
(Font)              `operators' in the math version `normal' on input line 346.

LaTeX Font Info:    Overwriting symbol font `operators' in version `normal'
(Font)                  OT1/cmr/m/n --> OT4/cmr/m/n on input line 346.
LaTeX Font Info:    Overwriting symbol font `letters' in version `normal'
(Font)                  OML/cmm/m/it --> OML/plm/m/it on input line 346.
LaTeX Font Info:    Overwriting symbol font `symbols' in version `normal'
(Font)                  OMS/cmsy/m/n --> OMS/plsy/m/n on input line 346.
LaTeX Font Info:    Overwriting symbol font `largesymbols' in version `normal'
(Font)                  OMX/cmex/m/n --> OMX/plex/m/n on input line 346.
LaTeX Font Info:    Encoding `OT1' has changed to `OT4' for symbol font
(Font)              `operators' in the math version `bold' on input line 346.
LaTeX Font Info:    Overwriting symbol font `operators' in version `bold'
(Font)                  OT1/cmr/bx/n --> OT4/cmr/bx/n on input line 346.
LaTeX Font Info:    Overwriting symbol font `letters' in version `bold'
(Font)                  OML/cmm/b/it --> OML/plm/b/it on input line 346.
LaTeX Font Info:    Overwriting symbol font `symbols' in version `bold'
(Font)                  OMS/cmsy/b/n --> OMS/plsy/b/n on input line 346.
)
(/usr/share/texlive/texmf-dist/tex/latex/base/inputenc.sty
Package: inputenc 2015/03/17 v1.2c Input encoding file
\inpenc@prehook=\toks14
\inpenc@posthook=\toks15

(/usr/share/texlive/texmf-dist/tex/latex/base/utf8.def
File: utf8.def 2015/12/03 v1.1r UTF-8 support for inputenc
Now handling font encoding OML ...
... no UTF-8 mapping file for font encoding OML
Now handling font encoding T1 ...
... processing UTF-8 mapping file for font encoding T1

(/usr/share/texlive/texmf-dist/tex/latex/base/t1enc.dfu
File: t1enc.dfu 2015/12/03 v1.1r UTF-8 support for inputenc
   defining Unicode char U+00A0 (decimal 160)
   defining Unicode char U+00A1 (decimal 161)
   defining Unicode char U+00A3 (decimal 163)
   defining Unicode char U+00AB (decimal 171)
   defining Unicode char U+00AD (decimal 173)
   defining Unicode char U+00BB (decimal 187)
   defining Unicode char U+00BF (decimal 191)
   defining Unicode char U+00C0 (decimal 192)
   defining Unicode char U+00C1 (decimal 193)
   defining Unicode char U+00C2 (decimal 194)
   defining Unicode char U+00C3 (decimal 195)
   defining Unicode char U+00C4 (decimal 196)
   defining Unicode char U+00C5 (decimal 197)
   defining Unicode char U+00C6 (decimal 198)
   defining Unicode char U+00C7 (decimal 199)
   defining Unicode char U+00C8 (decimal 200)
   defining Unicode char U+00C9 (decimal 201)
   defining Unicode char U+00CA (decimal 202)
   defining Unicode char U+00CB (decimal 203)
   defining Unicode char U+00CC (decimal 204)
   defining Unicode char U+00CD (decimal 205)
   defining Unicode char U+00CE (decimal 206)
   defining Unicode char U+00CF (decimal 207)
   defining Unicode char U+00D0 (decimal 208)
   defining Unicode char U+00D1 (decimal 209)
   defining Unicode char U+00D2 (decimal 210)
   defining Unicode char U+00D3 (decimal 211)
   defining Unicode char U+00D4 (decimal 212)
   defining Unicode char U+00D5 (decimal 213)
   defining Unicode char U+00D6 (decimal 214)
   defining Unicode char U+00D8 (decimal 216)
   defining Unicode char U+00D9 (decimal 217)
   defining Unicode char U+00DA (decimal 218)
   defining Unicode char U+00DB (decimal 219)
   defining Unicode char U+00DC (decimal 220)
   defining Unicode char U+00DD (decimal 221)
   defining Unicode char U+00DE (decimal 222)
   defining Unicode char U+00DF (decimal 223)
   defining Unicode char U+00E0 (decimal 224)
   defining Unicode char U+00E1 (decimal 225)
   defining Unicode char U+00E2 (decimal 226)
   defining Unicode char U+00E3 (decimal 227)
   defining Unicode char U+00E4 (decimal 228)
   defining Unicode char U+00E5 (decimal 229)
   defining Unicode char U+00E6 (decimal 230)
   defining Unicode char U+00E7 (decimal 231)
   defining Unicode char U+00E8 (decimal 232)
   defining Unicode char U+00E9 (decimal 233)
   defining Unicode char U+00EA (decimal 234)
   defining Unicode char U+00EB (decimal 235)
   defining Unicode char U+00EC (decimal 236)
   defining Unicode char U+00ED (decimal 237)
   defining Unicode char U+00EE (decimal 238)
   defining Unicode char U+00EF (decimal 239)
   defining Unicode char U+00F0 (decimal 240)
   defining Unicode char U+00F1 (decimal 241)
   defining Unicode char U+00F2 (decimal 242)
   defining Unicode char U+00F3 (decimal 243)
   defining Unicode char U+00F4 (decimal 244)
   defining Unicode char U+00F5 (decimal 245)
   defining Unicode char U+00F6 (decimal 246)
   defining Unicode char U+00F8 (decimal 248)
   defining Unicode char U+00F9 (decimal 249)
   defining Unicode char U+00FA (decimal 250)
   defining Unicode char U+00FB (decimal 251)
   defining Unicode char U+00FC (decimal 252)
   defining Unicode char U+00FD (decimal 253)
   defining Unicode char U+00FE (decimal 254)
   defining Unicode char U+00FF (decimal 255)
   defining Unicode char U+0100 (decimal 256)
   defining Unicode char U+0101 (decimal 257)
   defining Unicode char U+0102 (decimal 258)
   defining Unicode char U+0103 (decimal 259)
   defining Unicode char U+0104 (decimal 260)
   defining Unicode char U+0105 (decimal 261)
   defining Unicode char U+0106 (decimal 262)
   defining Unicode char U+0107 (decimal 263)
   defining Unicode char U+0108 (decimal 264)
   defining Unicode char U+0109 (decimal 265)
   defining Unicode char U+010A (decimal 266)
   defining Unicode char U+010B (decimal 267)
   defining Unicode char U+010C (decimal 268)
   defining Unicode char U+010D (decimal 269)
   defining Unicode char U+010E (decimal 270)
   defining Unicode char U+010F (decimal 271)
   defining Unicode char U+0110 (decimal 272)
   defining Unicode char U+0111 (decimal 273)
   defining Unicode char U+0112 (decimal 274)
   defining Unicode char U+0113 (decimal 275)
   defining Unicode char U+0114 (decimal 276)
   defining Unicode char U+0115 (decimal 277)
   defining Unicode char U+0116 (decimal 278)
   defining Unicode char U+0117 (decimal 279)
   defining Unicode char U+0118 (decimal 280)
   defining Unicode char U+0119 (decimal 281)
   defining Unicode char U+011A (decimal 282)
   defining Unicode char U+011B (decimal 283)
   defining Unicode char U+011C (decimal 284)
   defining Unicode char U+011D (decimal 285)
   defining Unicode char U+011E (decimal 286)
   defining Unicode char U+011F (decimal 287)
   defining Unicode char U+0120 (decimal 288)
   defining Unicode char U+0121 (decimal 289)
   defining Unicode char U+0122 (decimal 290)
   defining Unicode char U+0123 (decimal 291)
   defining Unicode char U+0124 (decimal 292)
   defining Unicode char U+0125 (decimal 293)
   defining Unicode char U+0128 (decimal 296)
   defining Unicode char U+0129 (decimal 297)
   defining Unicode char U+012A (decimal 298)
   defining Unicode char U+012B (decimal 299)
   defining Unicode char U+012C (decimal 300)
   defining Unicode char U+012D (decimal 301)
   defining Unicode char U+012E (decimal 302)
   defining Unicode char U+012F (decimal 303)
   defining Unicode char U+0130 (decimal 304)
   defining Unicode char U+0131 (decimal 305)
   defining Unicode char U+0132 (decimal 306)
   defining Unicode char U+0133 (decimal 307)
   defining Unicode char U+0134 (decimal 308)
   defining Unicode char U+0135 (decimal 309)
   defining Unicode char U+0136 (decimal 310)
   defining Unicode char U+0137 (decimal 311)
   defining Unicode char U+0139 (decimal 313)
   defining Unicode char U+013A (decimal 314)
   defining Unicode char U+013B (decimal 315)
   defining Unicode char U+013C (decimal 316)
   defining Unicode char U+013D (decimal 317)
   defining Unicode char U+013E (decimal 318)
   defining Unicode char U+0141 (decimal 321)
   defining Unicode char U+0142 (decimal 322)
   defining Unicode char U+0143 (decimal 323)
   defining Unicode char U+0144 (decimal 324)
   defining Unicode char U+0145 (decimal 325)
   defining Unicode char U+0146 (decimal 326)
   defining Unicode char U+0147 (decimal 327)
   defining Unicode char U+0148 (decimal 328)
   defining Unicode char U+014A (decimal 330)
   defining Unicode char U+014B (decimal 331)
   defining Unicode char U+014C (decimal 332)
   defining Unicode char U+014D (decimal 333)
   defining Unicode char U+014E (decimal 334)
   defining Unicode char U+014F (decimal 335)
   defining Unicode char U+0150 (decimal 336)
   defining Unicode char U+0151 (decimal 337)
   defining Unicode char U+0152 (decimal 338)
   defining Unicode char U+0153 (decimal 339)
   defining Unicode char U+0154 (decimal 340)
   defining Unicode char U+0155 (decimal 341)
   defining Unicode char U+0156 (decimal 342)
   defining Unicode char U+0157 (decimal 343)
   defining Unicode char U+0158 (decimal 344)
   defining Unicode char U+0159 (decimal 345)
   defining Unicode char U+015A (decimal 346)
   defining Unicode char U+015B (decimal 347)
   defining Unicode char U+015C (decimal 348)
   defining Unicode char U+015D (decimal 349)
   defining Unicode char U+015E (decimal 350)
   defining Unicode char U+015F (decimal 351)
   defining Unicode char U+0160 (decimal 352)
   defining Unicode char U+0161 (decimal 353)
   defining Unicode char U+0162 (decimal 354)
   defining Unicode char U+0163 (decimal 355)
   defining Unicode char U+0164 (decimal 356)
   defining Unicode char U+0165 (decimal 357)
   defining Unicode char U+0168 (decimal 360)
   defining Unicode char U+0169 (decimal 361)
   defining Unicode char U+016A (decimal 362)
   defining Unicode char U+016B (decimal 363)
   defining Unicode char U+016C (decimal 364)
   defining Unicode char U+016D (decimal 365)
   defining Unicode char U+016E (decimal 366)
   defining Unicode char U+016F (decimal 367)
   defining Unicode char U+0170 (decimal 368)
   defining Unicode char U+0171 (decimal 369)
   defining Unicode char U+0172 (decimal 370)
   defining Unicode char U+0173 (decimal 371)
   defining Unicode char U+0174 (decimal 372)
   defining Unicode char U+0175 (decimal 373)
   defining Unicode char U+0176 (decimal 374)
   defining Unicode char U+0177 (decimal 375)
   defining Unicode char U+0178 (decimal 376)
   defining Unicode char U+0179 (decimal 377)
   defining Unicode char U+017A (decimal 378)
   defining Unicode char U+017B (decimal 379)
   defining Unicode char U+017C (decimal 380)
   defining Unicode char U+017D (decimal 381)
   defining Unicode char U+017E (decimal 382)
   defining Unicode char U+01CD (decimal 461)
   defining Unicode char U+01CE (decimal 462)
   defining Unicode char U+01CF (decimal 463)
   defining Unicode char U+01D0 (decimal 464)
   defining Unicode char U+01D1 (decimal 465)
   defining Unicode char U+01D2 (decimal 466)
   defining Unicode char U+01D3 (decimal 467)
   defining Unicode char U+01D4 (decimal 468)
   defining Unicode char U+01E2 (decimal 482)
   defining Unicode char U+01E3 (decimal 483)
   defining Unicode char U+01E6 (decimal 486)
   defining Unicode char U+01E7 (decimal 487)
   defining Unicode char U+01E8 (decimal 488)
   defining Unicode char U+01E9 (decimal 489)
   defining Unicode char U+01EA (decimal 490)
   defining Unicode char U+01EB (decimal 491)
   defining Unicode char U+01F0 (decimal 496)
   defining Unicode char U+01F4 (decimal 500)
   defining Unicode char U+01F5 (decimal 501)
   defining Unicode char U+0218 (decimal 536)
   defining Unicode char U+0219 (decimal 537)
   defining Unicode char U+021A (decimal 538)
   defining Unicode char U+021B (decimal 539)
   defining Unicode char U+01E02 (decimal 7682)
   defining Unicode char U+01E03 (decimal 7683)
   defining Unicode char U+200C (decimal 8204)
   defining Unicode char U+2013 (decimal 8211)
   defining Unicode char U+2014 (decimal 8212)
   defining Unicode char U+2018 (decimal 8216)
   defining Unicode char U+2019 (decimal 8217)
   defining Unicode char U+201A (decimal 8218)
   defining Unicode char U+201C (decimal 8220)
   defining Unicode char U+201D (decimal 8221)
   defining Unicode char U+201E (decimal 8222)
   defining Unicode char U+2030 (decimal 8240)
   defining Unicode char U+2031 (decimal 8241)
   defining Unicode char U+2039 (decimal 8249)
   defining Unicode char U+203A (decimal 8250)
   defining Unicode char U+2423 (decimal 9251)
)
Now handling font encoding OT1 ...
... processing UTF-8 mapping file for font encoding OT1

(/usr/share/texlive/texmf-dist/tex/latex/base/ot1enc.dfu
File: ot1enc.dfu 2015/12/03 v1.1r UTF-8 support for inputenc
   defining Unicode char U+00A0 (decimal 160)
   defining Unicode char U+00A1 (decimal 161)
   defining Unicode char U+00A3 (decimal 163)
   defining Unicode char U+00AD (decimal 173)
   defining Unicode char U+00B8 (decimal 184)
   defining Unicode char U+00BF (decimal 191)
   defining Unicode char U+00C5 (decimal 197)
   defining Unicode char U+00C6 (decimal 198)
   defining Unicode char U+00D8 (decimal 216)
   defining Unicode char U+00DF (decimal 223)
   defining Unicode char U+00E6 (decimal 230)
   defining Unicode char U+00EC (decimal 236)
   defining Unicode char U+00ED (decimal 237)
   defining Unicode char U+00EE (decimal 238)
   defining Unicode char U+00EF (decimal 239)
   defining Unicode char U+00F8 (decimal 248)
   defining Unicode char U+0131 (decimal 305)
   defining Unicode char U+0141 (decimal 321)
   defining Unicode char U+0142 (decimal 322)
   defining Unicode char U+0152 (decimal 338)
   defining Unicode char U+0153 (decimal 339)
   defining Unicode char U+0174 (decimal 372)
   defining Unicode char U+0175 (decimal 373)
   defining Unicode char U+0176 (decimal 374)
   defining Unicode char U+0177 (decimal 375)
   defining Unicode char U+0218 (decimal 536)
   defining Unicode char U+0219 (decimal 537)
   defining Unicode char U+021A (decimal 538)
   defining Unicode char U+021B (decimal 539)
   defining Unicode char U+2013 (decimal 8211)
   defining Unicode char U+2014 (decimal 8212)
   defining Unicode char U+2018 (decimal 8216)
   defining Unicode char U+2019 (decimal 8217)
   defining Unicode char U+201C (decimal 8220)
   defining Unicode char U+201D (decimal 8221)
)
Now handling font encoding OMS ...
... processing UTF-8 mapping file for font encoding OMS

(/usr/share/texlive/texmf-dist/tex/latex/base/omsenc.dfu
File: omsenc.dfu 2015/12/03 v1.1r UTF-8 support for inputenc
   defining Unicode char U+00A7 (decimal 167)
   defining Unicode char U+00B6 (decimal 182)
   defining Unicode char U+00B7 (decimal 183)
   defining Unicode char U+2020 (decimal 8224)
   defining Unicode char U+2021 (decimal 8225)
   defining Unicode char U+2022 (decimal 8226)
)
Now handling font encoding OMX ...
... no UTF-8 mapping file for font encoding OMX
Now handling font encoding U ...
... no UTF-8 mapping file for font encoding U
Now handling font encoding OT4 ...
... no UTF-8 mapping file for font encoding OT4
   defining Unicode char U+00A9 (decimal 169)
   defining Unicode char U+00AA (decimal 170)
   defining Unicode char U+00AE (decimal 174)
   defining Unicode char U+00BA (decimal 186)
   defining Unicode char U+02C6 (decimal 710)
   defining Unicode char U+02DC (decimal 732)
   defining Unicode char U+200C (decimal 8204)
   defining Unicode char U+2026 (decimal 8230)
   defining Unicode char U+2122 (decimal 8482)
   defining Unicode char U+2423 (decimal 9251)
))
(/usr/share/texlive/texmf-dist/tex/latex/amsmath/amsmath.sty
Package: amsmath 2016/03/03 v2.15a AMS math features
\@mathmargin=\skip43

For additional information on amsmath, use the `?' option.
(/usr/share/texlive/texmf-dist/tex/latex/amsmath/amstext.sty
Package: amstext 2000/06/29 v2.01 AMS text

(/usr/share/texlive/texmf-dist/tex/latex/amsmath/amsgen.sty
File: amsgen.sty 1999/11/30 v2.0 generic functions
\@emptytoks=\toks16
\ex@=\dimen103
))
(/usr/share/texlive/texmf-dist/tex/latex/amsmath/amsbsy.sty
Package: amsbsy 1999/11/29 v1.2d Bold Symbols
\pmbraise@=\dimen104
)
(/usr/share/texlive/texmf-dist/tex/latex/amsmath/amsopn.sty
Package: amsopn 1999/12/14 v2.01 operator names
)
\inf@bad=\count87
LaTeX Info: Redefining \frac on input line 199.
\uproot@=\count88
\leftroot@=\count89
LaTeX Info: Redefining \overline on input line 297.
\classnum@=\count90
\DOTSCASE@=\count91
LaTeX Info: Redefining \ldots on input line 394.
LaTeX Info: Redefining \dots on input line 397.
LaTeX Info: Redefining \cdots on input line 518.
\Mathstrutbox@=\box26
\strutbox@=\box27
\big@size=\dimen105
LaTeX Font Info:    Redeclaring font encoding OML on input line 630.
LaTeX Font Info:    Redeclaring font encoding OMS on input line 631.
\macc@depth=\count92
\c@MaxMatrixCols=\count93
\dotsspace@=\muskip10
\c@parentequation=\count94
\dspbrk@lvl=\count95
\tag@help=\toks17
\row@=\count96
\column@=\count97
\maxfields@=\count98
\andhelp@=\toks18
\eqnshift@=\dimen106
\alignsep@=\dimen107
\tagshift@=\dimen108
\tagwidth@=\dimen109
\totwidth@=\dimen110
\lineht@=\dimen111
\@envbody=\toks19
\multlinegap=\skip44
\multlinetaggap=\skip45
\mathdisplay@stack=\toks20
LaTeX Info: Redefining \[ on input line 2735.
LaTeX Info: Redefining \] on input line 2736.
)
(/usr/share/texlive/texmf-dist/tex/latex/amscls/amsthm.sty
Package: amsthm 2015/03/04 v2.20.2
\thm@style=\toks21
\thm@bodyfont=\toks22
\thm@headfont=\toks23
\thm@notefont=\toks24
\thm@headpunct=\toks25
\thm@preskip=\skip46
\thm@postskip=\skip47
\thm@headsep=\skip48
\dth@everypar=\toks26
)
(/usr/share/texlive/texmf-dist/tex/latex/amsfonts/amssymb.sty
Package: amssymb 2013/01/14 v3.01 AMS font symbols

(/usr/share/texlive/texmf-dist/tex/latex/amsfonts/amsfonts.sty
Package: amsfonts 2013/01/14 v3.01 Basic AMSFonts support
\symAMSa=\mathgroup4
\symAMSb=\mathgroup5
LaTeX Font Info:    Overwriting math alphabet `\mathfrak' in version `bold'
(Font)                  U/euf/m/n --> U/euf/b/n on input line 106.
))
(/usr/share/texlive/texmf-dist/tex/latex/graphics/graphicx.sty
Package: graphicx 2014/10/28 v1.0g Enhanced LaTeX Graphics (DPC,SPQR)

(/usr/share/texlive/texmf-dist/tex/latex/graphics/keyval.sty
Package: keyval 2014/10/28 v1.15 key=value parser (DPC)
\KV@toks@=\toks27
)
(/usr/share/texlive/texmf-dist/tex/latex/graphics/graphics.sty
Package: graphics 2016/01/03 v1.0q Standard LaTeX Graphics (DPC,SPQR)

(/usr/share/texlive/texmf-dist/tex/latex/graphics/trig.sty
Package: trig 2016/01/03 v1.10 sin cos tan (DPC)
)
(/usr/share/texlive/texmf-dist/tex/latex/latexconfig/graphics.cfg
File: graphics.cfg 2010/04/23 v1.9 graphics configuration of TeX Live
)
Package graphics Info: Driver file: pdftex.def on input line 95.

(/usr/share/texlive/texmf-dist/tex/latex/pdftex-def/pdftex.def
File: pdftex.def 2011/05/27 v0.06d Graphics/color for pdfTeX

(/usr/share/texlive/texmf-dist/tex/generic/oberdiek/infwarerr.sty
Package: infwarerr 2010/04/08 v1.3 Providing info/warning/error messages (HO)
)
(/usr/share/texlive/texmf-dist/tex/generic/oberdiek/ltxcmds.sty
Package: ltxcmds 2011/11/09 v1.22 LaTeX kernel commands for general use (HO)
)
\Gread@gobject=\count99
))
\Gin@req@height=\dimen112
\Gin@req@width=\dimen113
)
(/usr/share/texlive/texmf-dist/tex/latex/mathtools/mathtools.sty
Package: mathtools 2015/11/12 v1.18 mathematical typesetting tools

(/usr/share/texlive/texmf-dist/tex/latex/tools/calc.sty
Package: calc 2014/10/28 v4.3 Infix arithmetic (KKT,FJ)
\calc@Acount=\count100
\calc@Bcount=\count101
\calc@Adimen=\dimen114
\calc@Bdimen=\dimen115
\calc@Askip=\skip49
\calc@Bskip=\skip50
LaTeX Info: Redefining \setlength on input line 80.
LaTeX Info: Redefining \addtolength on input line 81.
\calc@Ccount=\count102
\calc@Cskip=\skip51
)
(/usr/share/texlive/texmf-dist/tex/latex/mathtools/mhsetup.sty
Package: mhsetup 2010/01/21 v1.2a programming setup (MH)
)
LaTeX Info: Thecontrolsequence`\('isalreadyrobust on input line 129.
LaTeX Info: Thecontrolsequence`\)'isalreadyrobust on input line 129.
LaTeX Info: Thecontrolsequence`\['isalreadyrobust on input line 129.
LaTeX Info: Thecontrolsequence`\]'isalreadyrobust on input line 129.
\g_MT_multlinerow_int=\count103
\l_MT_multwidth_dim=\dimen116
\origjot=\skip52
\l_MT_shortvdotswithinadjustabove_dim=\dimen117
\l_MT_shortvdotswithinadjustbelow_dim=\dimen118
\l_MT_above_intertext_sep=\dimen119
\l_MT_below_intertext_sep=\dimen120
\l_MT_above_shortintertext_sep=\dimen121
\l_MT_below_shortintertext_sep=\dimen122
)
(./OPRACOWANIE_FSIT.aux

LaTeX Warning: Label `fig:fig1' multiply defined.


LaTeX Warning: Label `fig:fig1' multiply defined.


LaTeX Warning: Label `fig:fig1' multiply defined.


LaTeX Warning: Label `fig:fig1' multiply defined.


LaTeX Warning: Label `fig:fig1' multiply defined.


LaTeX Warning: Label `fig:fig1' multiply defined.


LaTeX Warning: Label `fig:fig1' multiply defined.


LaTeX Warning: Label `fig:fig1' multiply defined.


LaTeX Warning: Label `fig:fig1' multiply defined.


LaTeX Warning: Label `fig:fig1' multiply defined.


LaTeX Warning: Label `fig:fig1' multiply defined.


LaTeX Warning: Label `fig:fig1' multiply defined.


LaTeX Warning: Label `fig:fig1' multiply defined.


LaTeX Warning: Label `fig:fig1' multiply defined.


LaTeX Warning: Label `fig:fig1' multiply defined.


LaTeX Warning: Label `fig:fig1' multiply defined.


LaTeX Warning: Label `fig:fig1' multiply defined.


LaTeX Warning: Label `fig:fig1' multiply defined.


LaTeX Warning: Label `fig:fig1' multiply defined.


LaTeX Warning: Label `fig:fig1' multiply defined.


LaTeX Warning: Label `fig:fig1' multiply defined.


LaTeX Warning: Label `fig:fig1' multiply defined.

)
\openout1 = `OPRACOWANIE_FSIT.aux'.

LaTeX Font Info:    Checking defaults for OML/cmm/m/it on input line 12.
LaTeX Font Info:    ... okay on input line 12.
LaTeX Font Info:    Checking defaults for T1/cmr/m/n on input line 12.
LaTeX Font Info:    ... okay on input line 12.
LaTeX Font Info:    Checking defaults for OT1/cmr/m/n on input line 12.
LaTeX Font Info:    ... okay on input line 12.
LaTeX Font Info:    Checking defaults for OMS/cmsy/m/n on input line 12.
LaTeX Font Info:    ... okay on input line 12.
LaTeX Font Info:    Checking defaults for OMX/cmex/m/n on input line 12.
LaTeX Font Info:    ... okay on input line 12.
LaTeX Font Info:    Checking defaults for U/cmr/m/n on input line 12.
LaTeX Font Info:    ... okay on input line 12.
LaTeX Font Info:    Checking defaults for OT4/cmr/m/n on input line 12.
LaTeX Font Info:    ... okay on input line 12.
 (/usr/share/texlive/texmf-dist/tex/context/base/supp-pdf.mkii
[Loading MPS to PDF converter (version 2006.09.02).]
\scratchcounter=\count104
\scratchdimen=\dimen123
\scratchbox=\box28
\nofMPsegments=\count105
\nofMParguments=\count106
\everyMPshowfont=\toks28
\MPscratchCnt=\count107
\MPscratchDim=\dimen124
\MPnumerator=\count108
\makeMPintoPDFobject=\count109
\everyMPtoPDFconversion=\toks29
) (/usr/share/texlive/texmf-dist/tex/generic/oberdiek/pdftexcmds.sty
Package: pdftexcmds 2011/11/29 v0.20 Utility functions of pdfTeX for LuaTeX (HO
)

(/usr/share/texlive/texmf-dist/tex/generic/oberdiek/ifluatex.sty
Package: ifluatex 2010/03/01 v1.3 Provides the ifluatex switch (HO)
Package ifluatex Info: LuaTeX not detected.
)
(/usr/share/texlive/texmf-dist/tex/generic/oberdiek/ifpdf.sty
Package: ifpdf 2011/01/30 v2.3 Provides the ifpdf switch (HO)
Package ifpdf Info: pdfTeX in PDF mode is detected.
)
Package pdftexcmds Info: LuaTeX not detected.
Package pdftexcmds Info: \pdf@primitive is available.
Package pdftexcmds Info: \pdf@ifprimitive is available.
Package pdftexcmds Info: \pdfdraftmode found.
)
(/usr/share/texlive/texmf-dist/tex/latex/oberdiek/epstopdf-base.sty
Package: epstopdf-base 2010/02/09 v2.5 Base part for package epstopdf

(/usr/share/texlive/texmf-dist/tex/latex/oberdiek/grfext.sty
Package: grfext 2010/08/19 v1.1 Manage graphics extensions (HO)

(/usr/share/texlive/texmf-dist/tex/generic/oberdiek/kvdefinekeys.sty
Package: kvdefinekeys 2011/04/07 v1.3 Define keys (HO)
))
(/usr/share/texlive/texmf-dist/tex/latex/oberdiek/kvoptions.sty
Package: kvoptions 2011/06/30 v3.11 Key value format for package options (HO)

(/usr/share/texlive/texmf-dist/tex/generic/oberdiek/kvsetkeys.sty
Package: kvsetkeys 2012/04/25 v1.16 Key value parser (HO)

(/usr/share/texlive/texmf-dist/tex/generic/oberdiek/etexcmds.sty
Package: etexcmds 2011/02/16 v1.5 Avoid name clashes with e-TeX commands (HO)
Package etexcmds Info: Could not find \expanded.
(etexcmds)             That can mean that you are not using pdfTeX 1.50 or
(etexcmds)             that some package has redefined \expanded.
(etexcmds)             In the latter case, load this package earlier.
)))
Package grfext Info: Graphics extension search list:
(grfext)             [.png,.pdf,.jpg,.mps,.jpeg,.jbig2,.jb2,.PNG,.PDF,.JPG,.JPE
G,.JBIG2,.JB2,.eps]
(grfext)             \AppendGraphicsExtensions on input line 452.

(/usr/share/texlive/texmf-dist/tex/latex/latexconfig/epstopdf-sys.cfg
File: epstopdf-sys.cfg 2010/07/13 v1.3 Configuration of (r)epstopdf for TeX Liv
e
))
LaTeX Font Info:    Try loading font information for OML+plm on input line 13.

(/usr/share/texlive/texmf-dist/tex/latex/polski/omlplm.fd
File: omlplm.fd 2008/02/24 v1.2.1 Font defs for fonts PL (MW)
)
LaTeX Font Info:    Try loading font information for OMS+plsy on input line 13.


(/usr/share/texlive/texmf-dist/tex/latex/polski/omsplsy.fd
File: omsplsy.fd 2008/02/24 v1.2.1 Font defs for fonts PL (MW)
)
LaTeX Font Info:    Try loading font information for OMX+plex on input line 13.


(/usr/share/texlive/texmf-dist/tex/latex/polski/omxplex.fd
File: omxplex.fd 2008/02/24 v1.2.1 Font defs for fonts PL (MW)
)
LaTeX Font Info:    External font `plex10' loaded for size
(Font)              <12> on input line 13.
LaTeX Font Info:    External font `plex10' loaded for size
(Font)              <8> on input line 13.
LaTeX Font Info:    External font `plex10' loaded for size
(Font)              <6> on input line 13.
LaTeX Font Info:    Try loading font information for U+msa on input line 13.

(/usr/share/texlive/texmf-dist/tex/latex/amsfonts/umsa.fd
File: umsa.fd 2013/01/14 v3.01 AMS symbols A
)
LaTeX Font Info:    Try loading font information for U+msb on input line 13.

(/usr/share/texlive/texmf-dist/tex/latex/amsfonts/umsb.fd
File: umsb.fd 2013/01/14 v3.01 AMS symbols B
) [1

{/var/lib/texmf/fonts/map/pdftex/updmap/pdftex.map}]
LaTeX Font Info:    Try loading font information for OMS+cmr on input line 19.

(/usr/share/texlive/texmf-dist/tex/latex/base/omscmr.fd
File: omscmr.fd 2014/09/29 v2.5h Standard LaTeX font definitions
)
LaTeX Font Info:    Font shape `OMS/cmr/m/n' in size <10> not available
(Font)              Font shape `OMS/cmsy/m/n' tried instead on input line 19.
LaTeX Font Info:    External font `plex10' loaded for size
(Font)              <10> on input line 24.
LaTeX Font Info:    External font `plex10' loaded for size
(Font)              <7> on input line 24.
LaTeX Font Info:    External font `plex10' loaded for size
(Font)              <5> on input line 24.
 [1]
<poziomyenergetyczne.jpeg, id=18, 298.86656pt x 278.54062pt>
File: poziomyenergetyczne.jpeg Graphic file (type jpg)

<use poziomyenergetyczne.jpeg>
Package pdftex.def Info: poziomyenergetyczne.jpeg used on input line 60.
(pdftex.def)             Requested size: 119.5445pt x 111.41426pt.

<entropiamieszania.jpeg, id=19, 700.86844pt x 453.94594pt>
File: entropiamieszania.jpeg Graphic file (type jpg)

<use entropiamieszania.jpeg>
Package pdftex.def Info: entropiamieszania.jpeg used on input line 72.
(pdftex.def)             Requested size: 420.5243pt x 272.36966pt.

Overfull \hbox (75.5243pt too wide) in paragraph at lines 72--73
 [][] 
 []

<chlodzeniemagnetyczne.jpeg, id=20, 529.22719pt x 246.9225pt>
File: chlodzeniemagnetyczne.jpeg Graphic file (type jpg)

<use chlodzeniemagnetyczne.jpeg>
Package pdftex.def Info: chlodzeniemagnetyczne.jpeg used on input line 80.
(pdftex.def)             Requested size: 317.53876pt x 148.15462pt.

<temperatury.jpeg, id=21, 502.12593pt x 203.25937pt>
File: temperatury.jpeg Graphic file (type jpg)
 <use temperatury.jpeg>
Package pdftex.def Info: temperatury.jpeg used on input line 87.
(pdftex.def)             Requested size: 301.27788pt x 121.95656pt.

[2 <./poziomyenergetyczne.jpeg>]
<nieodwracalneprocesy.jpeg, id=28, 507.39563pt x 443.40656pt>
File: nieodwracalneprocesy.jpeg Graphic file (type jpg)

<use nieodwracalneprocesy.jpeg>
Package pdftex.def Info: nieodwracalneprocesy.jpeg used on input line 100.
(pdftex.def)             Requested size: 304.43973pt x 266.04597pt.
 [3 <./entropiamieszania.jpeg>]
Overfull \hbox (31.64578pt too wide) detected at line 118
\OML/plm/m/it/10 dF \OT4/cmr/m/n/10 = \OML/plm/m/it/10 d\OT4/cmr/m/n/10 (\OML/p
lm/m/it/10 U \OMS/plsy/m/n/10 ^^@ \OML/plm/m/it/10 S[]\OT4/cmr/m/n/10 ) = \OML/
plm/m/it/10 d\OT4/cmr/m/n/10 (\OML/plm/m/it/10 U \OMS/plsy/m/n/10 ^^@ \OML/plm/
m/it/10 ST\OT4/cmr/m/n/10 ) = \OML/plm/m/it/10 TdS \OMS/plsy/m/n/10 ^^@ \OML/pl
m/m/it/10 pdV \OT4/cmr/m/n/10 + \OML/plm/m/it/10 ^^VdN \OMS/plsy/m/n/10 ^^@ \OT
4/cmr/m/n/10 (\OML/plm/m/it/10 TdS \OT4/cmr/m/n/10 + \OML/plm/m/it/10 SdT\OT4/c
mr/m/n/10 ) = \OMS/plsy/m/n/10 ^^@\OML/plm/m/it/10 SdT \OMS/plsy/m/n/10 ^^@ \OM
L/plm/m/it/10 pdV \OT4/cmr/m/n/10 + \OML/plm/m/it/10 ^^VdN
 []

[4 <./chlodzeniemagnetyczne.jpeg> <./temperatury.jpeg>] [5 <./nieodwracalneproc
esy.jpeg>] [6] [7] [8] <prawokirchoffa.jpeg, id=50, 360.59718pt x 344.03531pt>
File: prawokirchoffa.jpeg Graphic file (type jpg)

<use prawokirchoffa.jpeg>
Package pdftex.def Info: prawokirchoffa.jpeg used on input line 242.
(pdftex.def)             Requested size: 216.35997pt x 206.42278pt.
 [9]
Underfull \hbox (badness 10000) in paragraph at lines 247--250

 []

<stabilnoscukladow.jpeg, id=55, 537.50812pt x 337.26pt>
File: stabilnoscukladow.jpeg Graphic file (type jpg)

<use stabilnoscukladow.jpeg>
Package pdftex.def Info: stabilnoscukladow.jpeg used on input line 255.
(pdftex.def)             Requested size: 322.50735pt x 202.35756pt.
 [10 <./prawokirchoffa.jpeg>]
Overfull \hbox (370.51526pt too wide) detected at line 279
\OML/plm/m/it/10 dS \OT4/cmr/m/n/10 = \OML/plm/m/it/10 dS[] \OT4/cmr/m/n/10 + \
OML/plm/m/it/10 dS[] \OT4/cmr/m/n/10 = ([])\OML/plm/m/it/10 dU[] \OT4/cmr/m/n/1
0 + []([])\OML/plm/m/it/10 dU[] \OT4/cmr/m/n/10 + []\OML/plm/m/it/10 dV[] \OT4/
cmr/m/n/10 + []([])(\OML/plm/m/it/10 dV[]\OT4/cmr/m/n/10 )[] + []([])\OML/plm/m
/it/10 dU[]dV[] \OT4/cmr/m/n/10 + [])\OML/plm/m/it/10 dU[] \OT4/cmr/m/n/10 + []
([])\OML/plm/m/it/10 dU[] \OT4/cmr/m/n/10 + [])\OML/plm/m/it/10 dV[] \OT4/cmr/m
/n/10 + []([])(\OML/plm/m/it/10 dV[]\OT4/cmr/m/n/10 )[] + []([])\OML/plm/m/it/1
0 dU[]dV[]
 []

[11 <./stabilnoscukladow.jpeg>] [12]
<energiaswobodnaczasteczki.jpeg, id=67, 485.56406pt x 325.215pt>
File: energiaswobodnaczasteczki.jpeg Graphic file (type jpg)

<use energiaswobodnaczasteczki.jpeg>
Package pdftex.def Info: energiaswobodnaczasteczki.jpeg used on input line 430.

(pdftex.def)             Requested size: 291.34068pt x 195.1305pt.
 [13]
Overfull \hbox (58.80058pt too wide) detected at line 471
\OML/plm/m/it/10 dG \OT4/cmr/m/n/10 = \OML/plm/m/it/10 dG[] \OT4/cmr/m/n/10 + \
OML/plm/m/it/10 dG[] \OT4/cmr/m/n/10 + \OML/plm/m/it/10 dG[] \OT4/cmr/m/n/10 = 
\OML/plm/m/it/10 ^^V[]dN[] \OT4/cmr/m/n/10 + \OML/plm/m/it/10 ^^V[]dN[] \OT4/cm
r/m/n/10 + \OML/plm/m/it/10 ^^V[]dN[] \OT4/cmr/m/n/10 = (\OMS/plsy/m/n/10 ^^@\O
T4/cmr/m/n/10 2\OML/plm/m/it/10 ^^V[] \OMS/plsy/m/n/10 ^^@ \OML/plm/m/it/10 ^^V
[] \OT4/cmr/m/n/10 + 2\OML/plm/m/it/10 ^^V[]\OT4/cmr/m/n/10 )\OML/plm/m/it/10 d
^^U
 []

[14 <./energiaswobodnaczasteczki.jpeg>]
<quasiczastki.jpeg, id=74, 485.56406pt x 325.215pt>
File: quasiczastki.jpeg Graphic file (type jpg)
 <use quasiczastki.jpeg>
Package pdftex.def Info: quasiczastki.jpeg used on input line 506.
(pdftex.def)             Requested size: 291.34068pt x 195.1305pt.

Overfull \hbox (4.66745pt too wide) in paragraph at lines 501--509
\OT4/cmr/m/n/10 Przykªady quasi-cz¡stek: fo-ton, fo-non(kwant po-la spr¦-»y-sto
-±ci), ma-gne-non(kwant
 []

[15 <./quasiczastki.jpeg>]
<termodynamikaprzejsc.jpeg, id=79, 485.56406pt x 325.215pt>
File: termodynamikaprzejsc.jpeg Graphic file (type jpg)

<use termodynamikaprzejsc.jpeg>
Package pdftex.def Info: termodynamikaprzejsc.jpeg used on input line 526.
(pdftex.def)             Requested size: 291.34068pt x 195.1305pt.

Underfull \hbox (badness 10000) in paragraph at lines 542--546

 []

[16 <./termodynamikaprzejsc.jpeg>]
Underfull \hbox (badness 10000) in paragraph at lines 559--561

 []


LaTeX Warning: Command \l invalid in math mode on input line 569.

Missing character: There is no ª in font plmi7!

LaTeX Warning: Command \l invalid in math mode on input line 575.

Missing character: There is no ª in font plmi7!
<przejsciafazowe.jpeg, id=84, 913.91437pt x 509.65407pt>
File: przejsciafazowe.jpeg Graphic file (type jpg)

<use przejsciafazowe.jpeg>
Package pdftex.def Info: przejsciafazowe.jpeg used on input line 587.
(pdftex.def)             Requested size: 411.25766pt x 229.34221pt.

Overfull \hbox (66.25766pt too wide) in paragraph at lines 586--588
 [] 
 []


Underfull \hbox (badness 10000) in paragraph at lines 593--595

 []

[17] <clausius.jpeg, id=88, 701.62125pt x 345.54094pt>
File: clausius.jpeg Graphic file (type jpg)
 <use clausius.jpeg>
Package pdftex.def Info: clausius.jpeg used on input line 607.
(pdftex.def)             Requested size: 350.80975pt x 172.77003pt.

Overfull \hbox (5.80975pt too wide) in paragraph at lines 607--608
 [][] 
 []

[18 <./przejsciafazowe.jpeg>]
<statystyczna.jpeg, id=93, 596.2275pt x 294.34969pt>
File: statystyczna.jpeg Graphic file (type jpg)
 <use statystyczna.jpeg>
Package pdftex.def Info: statystyczna.jpeg used on input line 650.
(pdftex.def)             Requested size: 298.11302pt x 147.17447pt.

[19 <./clausius.jpeg>] <przestrzenfazowa.png, id=97, 385.1991pt x 208.8603pt>
File: przestrzenfazowa.png Graphic file (type png)

<use przestrzenfazowa.png>
Package pdftex.def Info: przestrzenfazowa.png used on input line 683.
(pdftex.def)             Requested size: 192.59908pt x 104.42989pt.
 <oscylator.png, id=99, 242.40562pt x 97.11281pt>
File: oscylator.png Graphic file (type png)

<use oscylator.png>
Package pdftex.def Info: oscylator.png used on input line 699.
(pdftex.def)             Requested size: 121.2025pt x 48.55627pt.
 [20 <./statystyczna.jpeg>] [21 <./przestrzenfazowa.png> <./oscylator.png (PNG 
copy)>]
<przestrzenoscylator.jpeg, id=107, 575.90157pt x 307.90031pt>
File: przestrzenoscylator.jpeg Graphic file (type jpg)

<use przestrzenoscylator.jpeg>
Package pdftex.def Info: przestrzenoscylator.jpeg used on input line 775.
(pdftex.def)             Requested size: 287.95007pt x 153.94977pt.

<kanoniczny.jpeg, id=108, 575.90157pt x 307.90031pt>
File: kanoniczny.jpeg Graphic file (type jpg)
 <use kanoniczny.jpeg>
Package pdftex.def Info: kanoniczny.jpeg used on input line 782.
(pdftex.def)             Requested size: 287.95007pt x 153.94977pt.

[22 <./przestrzenoscylator.jpeg>] [23 <./kanoniczny.jpeg>]
<wielkikanoniczny.jpeg, id=115, 575.90157pt x 307.90031pt>
File: wielkikanoniczny.jpeg Graphic file (type jpg)

<use wielkikanoniczny.jpeg>
Package pdftex.def Info: wielkikanoniczny.jpeg used on input line 887.
(pdftex.def)             Requested size: 287.95007pt x 153.94977pt.
 [24] [25 <./wielkikanoniczny.jpeg>] [26]
<boltzmann.jpg, id=126, 357.335pt x 351.3125pt>
File: boltzmann.jpg Graphic file (type jpg)
 <use boltzmann.jpg>
Package pdftex.def Info: boltzmann.jpg used on input line 1025.
(pdftex.def)             Requested size: 178.66705pt x 175.6558pt.

<gazy_kwantowe.jpeg, id=127, 361.35pt x 307.90031pt>
File: gazy_kwantowe.jpeg Graphic file (type jpg)
 <use gazy_kwantowe.jpeg>
Package pdftex.def Info: gazy_kwantowe.jpeg used on input line 1033.
(pdftex.def)             Requested size: 180.67456pt x 153.94977pt.

Overfull \hbox (20.43755pt too wide) in paragraph at lines 1036--1037
 \OT4/cmr/bx/n/10 Fer-mio-ny,[] \OT4/cmr/m/n/10 czy-li cz¡st-ki o spi-nie po-ªó
w-ko-wym pod-le-ga-j¡ roz-kªa-do-wi \OT4/cmr/bx/n/10 Fermiego-
 []

[27 <./boltzmann.jpg>] [28 <./gazy_kwantowe.jpeg>]
<fermi_dirac.jpg, id=134, 401.5pt x 281.05pt>
File: fermi_dirac.jpg Graphic file (type jpg)
 <use fermi_dirac.jpg>
Package pdftex.def Info: fermi_dirac.jpg used on input line 1067.
(pdftex.def)             Requested size: 200.7495pt x 140.52464pt.

<bose_einstein.png, id=135, 368.87813pt x 258.9675pt>
File: bose_einstein.png Graphic file (type png)
 <use bose_einstein.png>
Package pdftex.def Info: bose_einstein.png used on input line 1090.
(pdftex.def)             Requested size: 184.4386pt x 129.48341pt.

<BEC_fermi.jpg, id=136, 501.875pt x 234.8775pt>
File: BEC_fermi.jpg Graphic file (type jpg)
 <use BEC_fermi.jpg>
Package pdftex.def Info: BEC_fermi.jpg used on input line 1096.
(pdftex.def)             Requested size: 250.93687pt x 117.43846pt.
 [29 <./fermi_dirac.jpg>] [30 <./bose_einstein.png (PNG copy)> <./BEC_fermi.jpg
>] [31]
[32] (./OPRACOWANIE_FSIT.aux)

LaTeX Warning: There were multiply-defined labels.

 ) 
Here is how much of TeX's memory you used:
 3662 strings out of 493029
 50186 string characters out of 6136234
 116622 words of memory out of 5000000
 7083 multiletter control sequences out of 15000+600000
 17314 words of font info for 53 fonts, out of 8000000 for 9000
 1141 hyphenation exceptions out of 8191
 38i,13n,26p,462b,229s stack positions out of 5000i,500n,10000p,200000b,80000s
{/usr/share/texlive/texmf-dist/fonts/enc/dvips/pl/plms.enc}{/usr/share/texliv
e/texmf-dist/fonts/enc/dvips/pl/plsc.enc}{/usr/share/texlive/texmf-dist/fonts/e
nc/dvips/pl/plmi.enc}{/usr/share/texlive/texmf-dist/fonts/enc/dvips/pl/plme.enc
}{/usr/share/texlive/texmf-dist/fonts/enc/dvips/pl/plrm.enc}{/usr/share/texlive
/texmf-dist/fonts/enc/dvips/pl/plit.enc}</usr/share/texlive/texmf-dist/fonts/ty
pe1/public/amsfonts/cm/cmsy10.pfb></usr/share/texlive/texmf-dist/fonts/type1/pu
blic/amsfonts/symbols/msam10.pfb></usr/share/texlive/texmf-dist/fonts/type1/pub
lic/amsfonts/symbols/msbm10.pfb></usr/share/texlive/texmf-dist/fonts/type1/publ
ic/amsfonts/symbols/msbm7.pfb></usr/share/texlive/texmf-dist/fonts/type1/public
/pl/plbx10.pfb></usr/share/texlive/texmf-dist/fonts/type1/public/pl/plbx12.pfb>
</usr/share/texlive/texmf-dist/fonts/type1/public/pl/plex10.pfb></usr/share/tex
live/texmf-dist/fonts/type1/public/pl/plmi10.pfb></usr/share/texlive/texmf-dist
/fonts/type1/public/pl/plmi5.pfb></usr/share/texlive/texmf-dist/fonts/type1/pub
lic/pl/plmi7.pfb></usr/share/texlive/texmf-dist/fonts/type1/public/pl/plr10.pfb
></usr/share/texlive/texmf-dist/fonts/type1/public/pl/plr12.pfb></usr/share/tex
live/texmf-dist/fonts/type1/public/pl/plr17.pfb></usr/share/texlive/texmf-dist/
fonts/type1/public/pl/plr5.pfb></usr/share/texlive/texmf-dist/fonts/type1/publi
c/pl/plr7.pfb></usr/share/texlive/texmf-dist/fonts/type1/public/pl/plsy10.pfb><
/usr/share/texlive/texmf-dist/fonts/type1/public/pl/plsy5.pfb></usr/share/texli
ve/texmf-dist/fonts/type1/public/pl/plsy7.pfb></usr/share/texlive/texmf-dist/fo
nts/type1/public/pl/plti10.pfb>
Output written on OPRACOWANIE_FSIT.pdf (33 pages, 896756 bytes).
PDF statistics:
 218 PDF objects out of 1000 (max. 8388607)
 138 compressed objects within 2 object streams
 0 named destinations out of 1000 (max. 500000)
 116 words of extra memory for PDF output out of 10000 (max. 10000000)

